[2023-06-06 14:03:25] START
[2023-06-06 14:03:25] EDIT welcome/controllers/default.py: 322
[2023-06-06 14:27:58] EDIT welcome/views/default/index.html: 60
[2023-06-06 15:32:59] EDIT welcome/controllers/default.py: -2
[2023-06-06 15:34:17] EDIT welcome/controllers/default.py: 18
[2023-06-06 15:46:52] EDIT welcome/controllers/default.py: 1
[2023-06-06 15:50:28] EDIT welcome/controllers/default.py: 0
[2023-06-06 15:51:15] EDIT welcome/controllers/default.py: 1
[2023-06-06 17:58:47] EDIT welcome/controllers/default.py: 26
[2023-06-06 18:01:42] EDIT welcome/views/default/index.html: 0
[2023-06-06 18:02:27] EDIT welcome/controllers/default.py: -24
[2023-06-06 18:03:33] EDIT welcome/views/default/index.html: 0
[2023-06-06 18:05:54] EDIT welcome/controllers/default.py: 4
[2023-06-06 18:06:32] CREATE default/ocrData.html: 0
[2023-06-06 18:06:53] EDIT welcome/views/default/ocrData.html: 9
[2023-06-06 18:08:00] EDIT welcome/views/default/ocrData.html: -1
[2023-06-06 18:08:43] EDIT welcome/views/default/ocrData.html: 0
[2023-06-06 18:09:23] EDIT welcome/views/default/ocrData.html: 0
[2023-06-06 18:09:43] EDIT welcome/views/default/ocrData.html: 0
[2023-06-06 18:10:09] EDIT welcome/views/default/ocrData.html: 0
[2023-06-06 18:12:59] EDIT welcome/controllers/default.py: 2
[2023-06-06 18:16:29] EDIT welcome/controllers/default.py: 0
[2023-06-06 18:19:23] EDIT welcome/controllers/default.py: 4
[2023-06-06 18:19:44] EDIT welcome/controllers/default.py: 0
[2023-06-06 18:21:10] EDIT welcome/controllers/default.py: 0
[2023-06-06 18:21:59] CREATE staticimage.py: 0
[2023-06-06 18:22:24] EDIT welcome/modules/staticimage.py: 1
[2023-06-06 18:23:05] EDIT welcome/controllers/default.py: 1
[2023-06-06 18:24:15] EDIT welcome/views/default/ocrData.html: 0
[2023-06-06 18:25:44] EDIT welcome/controllers/default.py: 2
[2023-06-06 18:26:32] EDIT welcome/views/default/ocrData.html: 4
[2023-06-06 18:27:55] EDIT welcome/views/default/ocrData.html: -4
[2023-06-06 18:28:16] EDIT welcome/views/default/ocrData.html: 5
[2023-06-06 18:28:54] EDIT welcome/controllers/default.py: 0
[2023-06-06 18:29:03] EDIT welcome/views/default/ocrData.html: 0
[2023-06-06 18:30:32] EDIT welcome/views/default/ocrData.html: 2
[2023-06-06 18:30:58] EDIT welcome/views/default/ocrData.html: 0
[2023-06-06 18:32:27] EDIT welcome/views/default/ocrData.html: 0
[2023-06-06 18:33:32] EDIT welcome/views/default/ocrData.html: 5
[2023-06-06 18:43:18] EDIT welcome/models/menu.py: -94
[2023-06-06 18:44:11] EDIT welcome/models/menu.py: 0
[2023-06-06 18:45:20] EDIT welcome/views/layout.html: -5
[2023-06-06 18:45:57] EDIT welcome/views/layout.html: 0
[2023-06-06 18:46:54] EDIT welcome/controllers/default.py: 2
